[Sat Oct 03 17:11:27.300141 2020] [ssl:warn] [pid 3988:tid 728] AH01909: localhost:443:0 server certificate does NOT include an ID which matches the server name
[Sat Oct 03 17:11:28.000574 2020] [ssl:warn] [pid 3988:tid 728] AH01909: localhost:443:0 server certificate does NOT include an ID which matches the server name
[Sat Oct 03 17:11:28.042483 2020] [mpm_winnt:notice] [pid 3988:tid 728] AH00455: Apache/2.4.46 (Win64) OpenSSL/1.1.1g PHP/7.4.10 configured -- resuming normal operations
[Sat Oct 03 17:11:28.042483 2020] [mpm_winnt:notice] [pid 3988:tid 728] AH00456: Apache Lounge VC15 Server built: Aug  4 2020 11:50:23
[Sat Oct 03 17:11:28.042483 2020] [core:notice] [pid 3988:tid 728] AH00094: Command line: 'D:\\CS490 WD\\Wordpress\\apache2\\bin\\httpd.exe -d D:/CS490 WD/Wordpress/apache2 -f D:\\CS490 WD\\Wordpress\\apache2\\conf\\httpd.conf'
[Sat Oct 03 17:11:28.044452 2020] [mpm_winnt:notice] [pid 3988:tid 728] AH00418: Parent: Created child process 5360
[Sat Oct 03 17:11:29.033043 2020] [ssl:warn] [pid 5360:tid 664] AH01909: localhost:443:0 server certificate does NOT include an ID which matches the server name
[Sat Oct 03 17:11:29.059969 2020] [ssl:warn] [pid 5360:tid 664] AH01909: localhost:443:0 server certificate does NOT include an ID which matches the server name
[Sat Oct 03 17:11:29.074900 2020] [mpm_winnt:notice] [pid 5360:tid 664] AH00354: Child: Starting 64 worker threads.
[Sat Oct 03 17:11:34.530028 2020] [mpm_winnt:notice] [pid 3988:tid 728] AH00422: Parent: Received shutdown signal -- Shutting down the server.
[Sat Oct 03 17:11:36.532237 2020] [mpm_winnt:notice] [pid 5360:tid 664] AH00364: Child: All worker threads have exited.
[Sat Oct 03 17:11:36.573022 2020] [mpm_winnt:notice] [pid 3988:tid 728] AH00430: Parent: Child process 5360 exited successfully.
[Sat Oct 03 17:11:38.177105 2020] [ssl:warn] [pid 10924:tid 692] AH01909: localhost:443:0 server certificate does NOT include an ID which matches the server name
[Sat Oct 03 17:11:39.236045 2020] [ssl:warn] [pid 10924:tid 692] AH01909: localhost:443:0 server certificate does NOT include an ID which matches the server name
[Sat Oct 03 17:11:39.247016 2020] [mpm_winnt:notice] [pid 10924:tid 692] AH00455: Apache/2.4.46 (Win64) OpenSSL/1.1.1g PHP/7.4.10 configured -- resuming normal operations
[Sat Oct 03 17:11:39.247016 2020] [mpm_winnt:notice] [pid 10924:tid 692] AH00456: Apache Lounge VC15 Server built: Aug  4 2020 11:50:23
[Sat Oct 03 17:11:39.247016 2020] [core:notice] [pid 10924:tid 692] AH00094: Command line: 'D:\\CS490 WD\\Wordpress\\apache2\\bin\\httpd.exe -d D:/CS490 WD/Wordpress/apache2 -f D:\\CS490 WD\\Wordpress\\apache2\\conf\\httpd.conf'
[Sat Oct 03 17:11:39.249045 2020] [mpm_winnt:notice] [pid 10924:tid 692] AH00418: Parent: Created child process 9060
[Sat Oct 03 17:11:39.483385 2020] [ssl:warn] [pid 9060:tid 636] AH01909: localhost:443:0 server certificate does NOT include an ID which matches the server name
[Sat Oct 03 17:11:39.511341 2020] [ssl:warn] [pid 9060:tid 636] AH01909: localhost:443:0 server certificate does NOT include an ID which matches the server name
[Sat Oct 03 17:11:39.525272 2020] [mpm_winnt:notice] [pid 9060:tid 636] AH00354: Child: Starting 64 worker threads.
[Sat Oct 03 17:11:51.627759 2020] [mpm_winnt:notice] [pid 10924:tid 692] AH00422: Parent: Received shutdown signal -- Shutting down the server.
[Sat Oct 03 17:11:53.628773 2020] [mpm_winnt:notice] [pid 9060:tid 636] AH00364: Child: All worker threads have exited.
[Sat Oct 03 17:11:53.647723 2020] [mpm_winnt:notice] [pid 10924:tid 692] AH00430: Parent: Child process 9060 exited successfully.
[Sat Oct 03 17:11:55.265398 2020] [ssl:warn] [pid 8456:tid 704] AH01909: localhost:443:0 server certificate does NOT include an ID which matches the server name
[Sat Oct 03 17:11:55.309278 2020] [ssl:warn] [pid 8456:tid 704] AH01909: localhost:443:0 server certificate does NOT include an ID which matches the server name
[Sat Oct 03 17:11:55.322245 2020] [mpm_winnt:notice] [pid 8456:tid 704] AH00455: Apache/2.4.46 (Win64) OpenSSL/1.1.1g PHP/7.4.10 configured -- resuming normal operations
[Sat Oct 03 17:11:55.322245 2020] [mpm_winnt:notice] [pid 8456:tid 704] AH00456: Apache Lounge VC15 Server built: Aug  4 2020 11:50:23
[Sat Oct 03 17:11:55.322245 2020] [core:notice] [pid 8456:tid 704] AH00094: Command line: 'D:\\CS490 WD\\Wordpress\\apache2\\bin\\httpd.exe -d D:/CS490 WD/Wordpress/apache2 -f D:\\CS490 WD\\Wordpress\\apache2\\conf\\httpd.conf'
[Sat Oct 03 17:11:55.324239 2020] [mpm_winnt:notice] [pid 8456:tid 704] AH00418: Parent: Created child process 13108
[Sat Oct 03 17:11:55.589529 2020] [ssl:warn] [pid 13108:tid 700] AH01909: localhost:443:0 server certificate does NOT include an ID which matches the server name
[Sat Oct 03 17:11:55.617454 2020] [ssl:warn] [pid 13108:tid 700] AH01909: localhost:443:0 server certificate does NOT include an ID which matches the server name
[Sat Oct 03 17:11:55.631418 2020] [mpm_winnt:notice] [pid 13108:tid 700] AH00354: Child: Starting 64 worker threads.
