2020-10-04T16:29:01.606179Z 0 [System] [MY-013169] [Server] C:\Bitnami\SLAP-S~1\mysql\bin\mysqld.exe (mysqld 8.0.21) initializing of server in progress as process 8184
2020-10-04T16:29:01.635370Z 1 [System] [MY-013576] [InnoDB] InnoDB initialization has started.
2020-10-04T16:29:02.862021Z 1 [System] [MY-013577] [InnoDB] InnoDB initialization has ended.
2020-10-04T16:29:04.915293Z 0 [Warning] [MY-010161] [Server] You need to use --log-bin to make --binlog-expire-logs-seconds work.
2020-10-04T16:29:05.286857Z 6 [Warning] [MY-010453] [Server] root@localhost is created with an empty password ! Please consider switching off the --initialize-insecure option.
2020-10-04T16:29:08.484594Z 0 [System] [MY-010116] [Server] C:\Bitnami\SLAP-S~1\mysql\bin\mysqld.exe (mysqld 8.0.21) starting as process 2564
2020-10-04T16:29:08.506367Z 1 [System] [MY-013576] [InnoDB] InnoDB initialization has started.
2020-10-04T16:29:09.074546Z 1 [System] [MY-013577] [InnoDB] InnoDB initialization has ended.
2020-10-04T16:29:09.315970Z 0 [System] [MY-011323] [Server] X Plugin ready for connections. Bind-address: '::' port: 33060
2020-10-04T16:29:09.578732Z 0 [Warning] [MY-010068] [Server] CA certificate ca.pem is self signed.
2020-10-04T16:29:09.579707Z 0 [System] [MY-013602] [Server] Channel mysql_main configured to support TLS. Encrypted connections are now supported for this channel.
2020-10-04T16:29:09.647278Z 0 [System] [MY-010931] [Server] C:\Bitnami\SLAP-S~1\mysql\bin\mysqld.exe: ready for connections. Version: '8.0.21'  socket: ''  port: 3307  MySQL Community Server - GPL.
2020-10-04T16:29:50.674594Z 12 [System] [MY-013172] [Server] Received SHUTDOWN from user root. Shutting down mysqld (Version: 8.0.21).
2020-10-04T16:29:50.675463Z 0 [System] [MY-013105] [Server] C:\Bitnami\SLAP-S~1\mysql\bin\mysqld.exe: Normal shutdown.
2020-10-04T16:29:51.528344Z 0 [System] [MY-010910] [Server] C:\Bitnami\SLAP-S~1\mysql\bin\mysqld.exe: Shutdown complete (mysqld 8.0.21)  MySQL Community Server - GPL.
2020-10-04T16:30:32.681226Z 0 [System] [MY-010116] [Server] C:\Bitnami\SLAP-S~1\mysql\bin\mysqld.exe (mysqld 8.0.21) starting as process 1176
2020-10-04T16:30:32.699565Z 1 [System] [MY-013576] [InnoDB] InnoDB initialization has started.
2020-10-04T16:30:33.229541Z 1 [System] [MY-013577] [InnoDB] InnoDB initialization has ended.
2020-10-04T16:30:33.477336Z 0 [System] [MY-011323] [Server] X Plugin ready for connections. Bind-address: '::' port: 33060
2020-10-04T16:30:33.605079Z 0 [Warning] [MY-010068] [Server] CA certificate ca.pem is self signed.
2020-10-04T16:30:33.606016Z 0 [System] [MY-013602] [Server] Channel mysql_main configured to support TLS. Encrypted connections are now supported for this channel.
2020-10-04T16:30:33.654602Z 0 [System] [MY-010931] [Server] C:\Bitnami\SLAP-S~1\mysql\bin\mysqld.exe: ready for connections. Version: '8.0.21'  socket: ''  port: 3307  MySQL Community Server - GPL.
